
Showing logs for build [32mcb-kubecd-environment-pr-1344-1-v89dw-1[0m stage [32mfrom-build-pack[0m and container [32mstep-credential-initializer-hsms6[0m
{"level":"warn","ts":1585747689.432735,"logger":"fallback-logger","caller":"logging/config.go:69","msg":"Fetch GitHub commit ID from kodata failed: \"ref: refs/heads/0.8.0-**-support-backwards-incompats\" is not a valid GitHub commit ID"}
{"level":"info","ts":1585747689.4338536,"logger":"fallback-logger","caller":"creds-init/main.go:40","msg":"Credentials initialized."}

Showing logs for build [32mcb-kubecd-environment-pr-1344-1-v89dw-1[0m stage [32mfrom-build-pack[0m and container [32mstep-working-dir-initializer-8g72p[0m
{"level":"warn","ts":1585747690.6413805,"logger":"fallback-logger","caller":"logging/config.go:69","msg":"Fetch GitHub commit ID from kodata failed: open /var/run/ko/HEAD: no such file or directory"}
{"level":"info","ts":1585747690.6453109,"logger":"fallback-logger","caller":"bash/main.go:64","msg":"Successfully executed command \"sh -c mkdir -p /workspace/source\"; output "}

Showing logs for build [32mcb-kubecd-environment-pr-1344-1-v89dw-1[0m stage [32mfrom-build-pack[0m and container [32mstep-place-tools[0m

Showing logs for build [32mcb-kubecd-environment-pr-1344-1-v89dw-1[0m stage [32mfrom-build-pack[0m and container [32mstep-git-source-cb-kubecd-environment-pr-1344-1-v89dw-qqhvb[0m
{"level":"warn","ts":1585747695.6735444,"logger":"fallback-logger","caller":"logging/config.go:69","msg":"Fetch GitHub commit ID from kodata failed: \"ref: refs/heads/0.8.0-**-support-backwards-incompats\" is not a valid GitHub commit ID"}
{"level":"info","ts":1585747696.807669,"logger":"fallback-logger","caller":"git/git.go:103","msg":"Successfully cloned https://github.com/cb-kubecd/environment-pr-1344-12-bdd-frontend-staging.git @ master in path /workspace/source"}

Showing logs for build [32mcb-kubecd-environment-pr-1344-1-v89dw-1[0m stage [32mfrom-build-pack[0m and container [32mstep-git-merge[0m
Using SHAs from PULL_REFS=master:3977c6a6ca6a7ec646955bd39f135999d256de78,1:6ceb3944215bee6700b7673da3674247f3ca5da1
DEBUG: LC_ALL=C JX_LOG_LEVEL=error git fetch origin --unshallow 6ceb3944215bee6700b7673da3674247f3ca5da1: 3977c6a6ca6a7ec646955bd39f135999d256de78:
DEBUG: ran git fetch --unshallow origin 6ceb3944215bee6700b7673da3674247f3ca5da1: 3977c6a6ca6a7ec646955bd39f135999d256de78: in 
DEBUG: LC_ALL=C JX_LOG_LEVEL=error git branch
DEBUG: LC_ALL=C JX_LOG_LEVEL=error git checkout master
DEBUG: ran git checkout master in 
DEBUG: LC_ALL=C JX_LOG_LEVEL=error git reset --hard 3977c6a6ca6a7ec646955bd39f135999d256de78
DEBUG: ran git reset --hard 3977c6a6ca6a7ec646955bd39f135999d256de78 in 
DEBUG: LC_ALL=C JX_LOG_LEVEL=error git clean -fd .
DEBUG: ran clean --force -d . in 
DEBUG: LC_ALL=C JX_LOG_LEVEL=error git merge 6ceb3944215bee6700b7673da3674247f3ca5da1
DEBUG: ran git merge 6ceb3944215bee6700b7673da3674247f3ca5da1 in 
DEBUG: LC_ALL=C JX_LOG_LEVEL=error git log --format=%H%x1f%an%x1f%ae%x1f%cn%x1f%ce%x1f%s%n%b%x1e 3977c6a6ca6a7ec646955bd39f135999d256de78..HEAD
Merged SHA 6ceb3944215bee6700b7673da3674247f3ca5da1 with commit message 'chore: Promote bdd-nh-1585746761 to version 0.0.1' into base branch master

Showing logs for build [32mcb-kubecd-environment-pr-1344-1-v89dw-1[0m stage [32mfrom-build-pack[0m and container [32mstep-build-helm-build[0m
WARNING: No $CHART_REPOSITORY defined so using the default value of: http://jenkins-x-chartmuseum:8080
Adding missing Helm repo: storage.googleapis.com https://storage.googleapis.com/chartmuseum.jenkins-x.io
WARNING: No secrets found on "helm/repos" due: reading the secret "helm/repos" from vault: no secret "helm/repos" not found in vault
Read credentials for https://storage.googleapis.com/chartmuseum.jenkins-x.io from vault helm/repos
Successfully added Helm repository storage.googleapis.com.
Adding missing Helm repo: jenkins-x-chartmuseum http://jenkins-x-chartmuseum:8080
WARNING: No secrets found on "helm/repos" due: reading the secret "helm/repos" from vault: no secret "helm/repos" not found in vault
Read credentials for http://jenkins-x-chartmuseum:8080 from vault helm/repos
Successfully added Helm repository jenkins-x-chartmuseum.
WARNING: No $CHART_REPOSITORY defined so using the default value of: http://jenkins-x-chartmuseum:8080
Adding missing Helm repo: chartmuseum.jenkins-x.io http://chartmuseum.jenkins-x.io
WARNING: No secrets found on "helm/repos" due: reading the secret "helm/repos" from vault: no secret "helm/repos" not found in vault
Read credentials for http://chartmuseum.jenkins-x.io from vault helm/repos
Successfully added Helm repository chartmuseum.jenkins-x.io.
